2024-11-06 15:44:30:4430 [31merror[39m: [31mæ•°æ®åº“æµ‹è¯•å¤±è´¥ï¼š[39m
2024-11-06 15:45:22:4522 [31merror[39m: [31mæ•°æ®åº“æµ‹è¯•å¤±è´¥ï¼š[39m
2024-11-06 15:45:31:4531 [31merror[39m: [31mæ•°æ®åº“æµ‹è¯•å¤±è´¥ï¼š[39m
2024-11-06 15:46:22:4622 [32minfo[39m: [32mæ•°æ®åº“è¿æ¥æˆåŠŸï¼[39m
2024-11-06 15:46:22:4622 [32minfo[39m: [32mæµ‹è¯•è¡¨åˆ›å»ºæˆåŠŸï¼[39m
2024-11-06 15:46:22:4622 [32minfo[39m: [32mæµ‹è¯•æ•°æ®æ’å…¥æˆåŠŸï¼[39m
2024-11-06 15:46:22:4622 [32minfo[39m: [32mæŸ¥è¯¢ç»“æœ:[39m
2024-11-06 15:49:16:4916 [32minfo[39m: [32mæµ‹è¯•è¡¨åˆ›å»ºæˆåŠŸ[39m
2024-11-06 15:49:16:4916 [31merror[39m: [31mSQLæ‰§è¡Œé”™è¯¯: Field 'password' doesn't have a default value[39m
2024-11-06 15:57:14:5714 [31merror[39m: [31mæ•°æ®åº“æµ‹è¯•å¤±è´¥ï¼š[39m
2024-11-06 15:58:33:5833 [32minfo[39m: [32mæµ‹è¯•è¡¨åˆ›å»ºæˆåŠŸ[39m
2024-11-06 15:58:33:5833 [32minfo[39m: [32mæˆåŠŸæ’å…¥æ•°æ®åˆ° users, ID: 1[39m
2024-11-06 15:58:33:5833 [32minfo[39m: [32mæ’å…¥æµ‹è¯•æ•°æ®æˆåŠŸ[39m
2024-11-06 15:58:33:5833 [32minfo[39m: [32mæŸ¥è¯¢ç»“æœ:[39m
2024-11-06 15:58:33:5833 [32minfo[39m: [32mæˆåŠŸæ›´æ–° users è¡¨ä¸­çš„ 1 æ¡è®°å½•[39m
2024-11-06 15:58:33:5833 [32minfo[39m: [32mæ›´æ–°æ•°æ®æˆåŠŸ[39m
2024-11-06 15:58:33:5833 [32minfo[39m: [32mæ‰€æœ‰ç”¨æˆ·:[39m
2024-11-06 15:58:33:5833 [32minfo[39m: [32mæˆåŠŸä» users åˆ é™¤ 1 æ¡è®°å½•[39m
2024-11-06 16:32:40:3240 [32minfo[39m: [32mjapanese_sentencesè¡¨åˆ›å»ºæˆåŠŸ[39m
2024-11-06 16:32:40:3240 [32minfo[39m: [32mæˆåŠŸæ’å…¥æ•°æ®åˆ° japanese_sentences, ID: 1[39m
2024-11-06 16:32:40:3240 [32minfo[39m: [32mæˆåŠŸæ’å…¥æ•°æ®åˆ° japanese_sentences, ID: 2[39m
2024-11-06 16:32:40:3240 [32minfo[39m: [32mæˆåŠŸæ’å…¥æ•°æ®åˆ° japanese_sentences, ID: 3[39m
2024-11-06 16:32:40:3240 [32minfo[39m: [32mæˆåŠŸæ’å…¥æ•°æ®åˆ° japanese_sentences, ID: 4[39m
2024-11-06 16:32:40:3240 [32minfo[39m: [32mæˆåŠŸæ’å…¥æ•°æ®åˆ° japanese_sentences, ID: 5[39m
2024-11-06 16:32:40:3240 [32minfo[39m: [32mæˆåŠŸæ’å…¥æ•°æ®åˆ° japanese_sentences, ID: 6[39m
2024-11-06 16:32:40:3240 [32minfo[39m: [32mæˆåŠŸæ’å…¥æ•°æ®åˆ° japanese_sentences, ID: 7[39m
2024-11-06 16:32:40:3240 [32minfo[39m: [32mæˆåŠŸæ’å…¥æ•°æ®åˆ° japanese_sentences, ID: 8[39m
2024-11-06 16:32:40:3240 [32minfo[39m: [32mæˆåŠŸæ’å…¥æ•°æ®åˆ° japanese_sentences, ID: 9[39m
2024-11-06 16:32:40:3240 [32minfo[39m: [32måˆå§‹æ•°æ®æ’å…¥æˆåŠŸ[39m
2024-11-06 16:32:40:3240 [32minfo[39m: [32mæˆåŠŸæŸ¥è¯¢åˆ° 9 æ¡æ—¥è¯­å¥å­[39m
2024-11-06 16:32:40:3240 [32minfo[39m: [32mç¬¬ä¸€æ¡æ•°æ®:[39m
2024-11-06 16:55:30:5530 [32minfo[39m: [32mjapanese_sentencesè¡¨åˆ›å»ºæˆåŠŸ[39m
2024-11-06 16:55:30:5530 [31merror[39m: [31mSQLæ‰§è¡Œé”™è¯¯: Unknown column 'audio_url' in 'field list'[39m
2024-11-06 16:59:05:595 [32minfo[39m: [32mjapanese_sentencesè¡¨åˆ›å»ºæˆåŠŸ[39m
2024-11-06 16:59:05:595 [32minfo[39m: [32mæˆåŠŸæ’å…¥æ•°æ®åˆ° japanese_sentences, ID: 1[39m
2024-11-06 16:59:05:595 [32minfo[39m: [32mæˆåŠŸæ’å…¥æ•°æ®åˆ° japanese_sentences, ID: 2[39m
2024-11-06 16:59:05:595 [32minfo[39m: [32mæˆåŠŸæ’å…¥æ•°æ®åˆ° japanese_sentences, ID: 3[39m
2024-11-06 16:59:05:595 [32minfo[39m: [32mæˆåŠŸæ’å…¥æ•°æ®åˆ° japanese_sentences, ID: 4[39m
2024-11-06 16:59:05:595 [32minfo[39m: [32mæˆåŠŸæ’å…¥æ•°æ®åˆ° japanese_sentences, ID: 5[39m
2024-11-06 16:59:05:595 [32minfo[39m: [32mæˆåŠŸæ’å…¥æ•°æ®åˆ° japanese_sentences, ID: 6[39m
2024-11-06 16:59:05:595 [32minfo[39m: [32mæˆåŠŸæ’å…¥æ•°æ®åˆ° japanese_sentences, ID: 7[39m
2024-11-06 16:59:05:595 [32minfo[39m: [32mæˆåŠŸæ’å…¥æ•°æ®åˆ° japanese_sentences, ID: 8[39m
2024-11-06 16:59:05:595 [32minfo[39m: [32mæˆåŠŸæ’å…¥æ•°æ®åˆ° japanese_sentences, ID: 9[39m
2024-11-06 16:59:05:595 [32minfo[39m: [32måˆå§‹æ•°æ®æ’å…¥æˆåŠŸ[39m
2024-11-06 16:59:05:595 [32minfo[39m: [32mæˆåŠŸæŸ¥è¯¢åˆ° 9 æ¡æ—¥è¯­å¥å­[39m
2024-11-06 16:59:05:595 [32minfo[39m: [32mç¬¬ä¸€æ¡æ•°æ®:[39m
2024-11-06 17:18:19:1819 [32minfo[39m: [32mæœåŠ¡å™¨å¯åŠ¨æˆåŠŸï¼Œç›‘å¬ç«¯å£ 3000[39m
2024-11-06 17:25:49:2549 [32minfo[39m: [32mæœåŠ¡å™¨å¯åŠ¨æˆåŠŸï¼Œç›‘å¬ç«¯å£ 3001[39m
2024-11-06 17:26:03:263 [31merror[39m: [31mæœåŠ¡å™¨é”™è¯¯ï¼š Expected ',' or '}' after property value in JSON at position 46 (line 1 column 47)[39m
2024-11-06 17:27:55:2755 [31merror[39m: [31mæœåŠ¡å™¨é”™è¯¯ï¼š Expected ',' or '}' after property value in JSON at position 46 (line 1 column 47)[39m
2024-11-06 17:29:41:2941 [32minfo[39m: [32mæˆåŠŸæ’å…¥æ•°æ®åˆ° japanese_sentences, ID: 10[39m
2024-11-06 17:29:41:2941 [32minfo[39m: [32mæˆåŠŸæ’å…¥æ•°æ®åˆ° japanese_sentences, ID: 11[39m
2024-11-06 17:30:28:3028 [32minfo[39m: [32mæˆåŠŸæ’å…¥æ•°æ®åˆ° japanese_sentences, ID: 12[39m
2024-11-06 17:30:28:3028 [32minfo[39m: [32mæˆåŠŸæ’å…¥æ•°æ®åˆ° japanese_sentences, ID: 13[39m
{"level":"info","message":"æ—§è¡¨åˆ é™¤æˆåŠŸ","timestamp":"2024-11-06T10:09:30.687Z"}
{"level":"info","message":"japanese_sentencesè¡¨åˆ›å»ºæˆåŠŸ","timestamp":"2024-11-06T10:09:30.703Z"}
{"level":"info","message":"æ–°è¡¨åˆ›å»ºæˆåŠŸï¼ŒåŒ…å«éŸ³é¢‘å­—æ®µ","timestamp":"2024-11-06T10:09:30.704Z"}
{"level":"info","message":"æˆåŠŸæ’å…¥æ•°æ®åˆ° japanese_sentences, ID: 1","timestamp":"2024-11-06T10:09:30.710Z"}
{"level":"info","message":"æˆåŠŸæ’å…¥æ•°æ®åˆ° japanese_sentences, ID: 2","timestamp":"2024-11-06T10:09:30.713Z"}
{"level":"info","message":"æˆåŠŸæ’å…¥æ•°æ®åˆ° japanese_sentences, ID: 3","timestamp":"2024-11-06T10:09:30.715Z"}
{"level":"info","message":"æˆåŠŸæ’å…¥æ•°æ®åˆ° japanese_sentences, ID: 4","timestamp":"2024-11-06T10:09:30.717Z"}
{"level":"info","message":"æˆåŠŸæ’å…¥æ•°æ®åˆ° japanese_sentences, ID: 5","timestamp":"2024-11-06T10:09:30.719Z"}
{"level":"info","message":"æˆåŠŸæ’å…¥æ•°æ®åˆ° japanese_sentences, ID: 6","timestamp":"2024-11-06T10:09:30.720Z"}
{"level":"info","message":"æˆåŠŸæ’å…¥æ•°æ®åˆ° japanese_sentences, ID: 7","timestamp":"2024-11-06T10:09:30.722Z"}
{"level":"info","message":"æˆåŠŸæ’å…¥æ•°æ®åˆ° japanese_sentences, ID: 8","timestamp":"2024-11-06T10:09:30.724Z"}
{"level":"info","message":"æˆåŠŸæ’å…¥æ•°æ®åˆ° japanese_sentences, ID: 9","timestamp":"2024-11-06T10:09:30.726Z"}
{"level":"info","message":"åˆå§‹æ•°æ®æ’å…¥æˆåŠŸ","timestamp":"2024-11-06T10:09:30.726Z"}
{"level":"info","message":"æˆåŠŸæŸ¥è¯¢åˆ° 9 æ¡æ—¥è¯­å¥å­","timestamp":"2024-11-06T10:09:30.730Z"}
{"audio_url":"/audios/arigatou_gozaimasu.mp3","chinese":"éå¸¸æ„Ÿè°¢ã€‚","created_at":"2024-11-06T10:09:30.000Z","id":1,"japanese":"ã‚ã‚ŠãŒã¨ã†ã”ã–ã„ã¾ã™ã€‚","level":"info","message":"ç¬¬ä¸€æ¡æ•°æ®:","romaji":"Arigatou gozaimasu","timestamp":"2024-11-06T10:09:30.733Z","updated_at":"2024-11-06T10:09:30.000Z"}
2024-11-06 18:21:08:218 [32minfo[39m: [32mæœåŠ¡å™¨å¯åŠ¨æˆåŠŸï¼Œç›‘å¬ç«¯å£ 3001[39m
2024-11-06 18:21:13:2113 [32minfo[39m: [32mæˆåŠŸæ’å…¥æ•°æ®åˆ° japanese_sentences, ID: 10[39m
2024-11-06 18:21:13:2113 [32minfo[39m: [32mæˆåŠŸæ’å…¥æ•°æ®åˆ° japanese_sentences, ID: 11[39m
2024-11-06 18:22:08:228 [32minfo[39m: [32mæœåŠ¡å™¨å¯åŠ¨æˆåŠŸï¼Œç›‘å¬ç«¯å£ 3001[39m
